<?xml version="1.0" encoding="UTF-8"?>
<!-- Generated by org.testng.reporters.JUnitReportReporter -->
<testsuite hostname="RomanVk" failures="0" tests="1" name="delete" time="2.194" errors="0" timestamp="2023-06-03T11:39:09 IST" skipped="0">
  <testcase classname="delete" name="delete_request" time="2.194"/>
  <system-out/>
</testsuite> <!-- delete -->
