<?xml version="1.0" encoding="UTF-8"?>
<!-- Generated by org.testng.reporters.JUnitReportReporter -->
<testsuite hostname="RomanVk" failures="0" tests="5" name="Basic_validation" time="3.532" errors="0" timestamp="2023-05-20T13:04:07 IST" skipped="0">
  <testcase classname="Basic_validation" name="Test_validation" time="1.314"/>
  <system-out/>
  <testcase classname="Basic_validation" name="single_xml_response" time="0.941"/>
  <system-out/>
  <testcase classname="Basic_validation" name="content_one_go" time="0.418"/>
  <system-out/>
  <testcase classname="Basic_validation" name="xpath" time="0.484"/>
  <system-out/>
  <testcase classname="Basic_validation" name="Text_xpath" time="0.375"/>
  <system-out/>
</testsuite> <!-- Basic_validation -->
