<?xml version="1.0" encoding="UTF-8"?>
<!-- Generated by org.testng.reporters.JUnitReportReporter -->
<testsuite hostname="RomanVk" failures="0" tests="1" name="put_method" time="1.929" errors="0" timestamp="2023-06-03T10:46:56 IST" skipped="0">
  <testcase classname="put_method" name="putTest" time="1.929"/>
  <system-out/>
</testsuite> <!-- put_method -->
