<?xml version="1.0" encoding="UTF-8"?>
<!-- Generated by org.testng.reporters.JUnitReportReporter -->
<testsuite hostname="RomanVk" failures="0" tests="1" name="get_method" time="5.037" errors="0" timestamp="2023-05-11T21:03:03 IST" skipped="0">
  <testcase classname="get_method" name="DummyApi" time="5.037"/>
  <system-out/>
</testsuite> <!-- get_method -->
