<?xml version="1.0" encoding="UTF-8"?>
<!-- Generated by org.testng.reporters.JUnitReportReporter -->
<testsuite hostname="RomanVk" failures="0" tests="1" name="post_method" time="2.701" errors="0" timestamp="2023-05-11T17:27:10 IST" skipped="0">
  <testcase classname="post_method" name="testPost" time="2.701"/>
  <system-out/>
</testsuite> <!-- post_method -->
